2019-10-12 00:09:13,695 INFO [capacityManagement] start correct usage

2019-10-12 00:09:13,697 INFO [capacityManagement] end correct usage, cost: 0s

2019-10-12 00:09:13,829 WARN clearConfigHistory start

2019-10-12 00:19:13,705 INFO [capacityManagement] start correct usage

2019-10-12 00:19:13,708 INFO [capacityManagement] end correct usage, cost: 0s

2019-10-12 00:19:13,833 WARN clearConfigHistory start

2019-10-12 00:29:13,713 INFO [capacityManagement] start correct usage

2019-10-12 00:29:13,714 INFO [capacityManagement] end correct usage, cost: 0s

2019-10-12 00:29:13,845 WARN clearConfigHistory start

2019-10-12 00:39:13,723 INFO [capacityManagement] start correct usage

2019-10-12 00:39:13,724 INFO [capacityManagement] end correct usage, cost: 0s

2019-10-12 00:39:13,850 WARN clearConfigHistory start

2019-10-12 00:49:13,728 INFO [capacityManagement] start correct usage

2019-10-12 00:49:13,729 INFO [capacityManagement] end correct usage, cost: 0s

2019-10-12 00:49:13,856 WARN clearConfigHistory start

2019-10-12 00:59:13,733 INFO [capacityManagement] start correct usage

2019-10-12 00:59:13,735 INFO [capacityManagement] end correct usage, cost: 0s

2019-10-12 00:59:13,866 WARN clearConfigHistory start

2019-10-12 01:09:13,744 INFO [capacityManagement] start correct usage

2019-10-12 01:09:13,747 INFO [capacityManagement] end correct usage, cost: 0s

2019-10-12 01:09:13,878 WARN clearConfigHistory start

2019-10-12 01:19:13,755 INFO [capacityManagement] start correct usage

2019-10-12 01:19:13,756 INFO [capacityManagement] end correct usage, cost: 0s

2019-10-12 01:19:13,890 WARN clearConfigHistory start

2019-10-12 01:29:13,764 INFO [capacityManagement] start correct usage

2019-10-12 01:29:13,767 INFO [capacityManagement] end correct usage, cost: 0s

2019-10-12 01:29:13,897 WARN clearConfigHistory start

2019-10-12 01:39:13,770 INFO [capacityManagement] start correct usage

2019-10-12 01:39:13,771 INFO [capacityManagement] end correct usage, cost: 0s

2019-10-12 01:39:13,901 WARN clearConfigHistory start

2019-10-12 01:49:13,774 INFO [capacityManagement] start correct usage

2019-10-12 01:49:13,776 INFO [capacityManagement] end correct usage, cost: 0s

2019-10-12 01:49:13,903 WARN clearConfigHistory start

2019-10-12 01:59:13,784 INFO [capacityManagement] start correct usage

2019-10-12 01:59:13,785 INFO [capacityManagement] end correct usage, cost: 0s

2019-10-12 01:59:13,904 WARN clearConfigHistory start

2019-10-12 02:09:13,796 INFO [capacityManagement] start correct usage

2019-10-12 02:09:13,797 INFO [capacityManagement] end correct usage, cost: 0s

2019-10-12 02:09:13,913 WARN clearConfigHistory start

2019-10-12 02:19:13,804 INFO [capacityManagement] start correct usage

2019-10-12 02:19:13,806 INFO [capacityManagement] end correct usage, cost: 0s

2019-10-12 02:19:13,920 WARN clearConfigHistory start

2019-10-12 02:29:13,811 INFO [capacityManagement] start correct usage

2019-10-12 02:29:13,812 INFO [capacityManagement] end correct usage, cost: 0s

2019-10-12 02:29:13,927 WARN clearConfigHistory start

2019-10-12 02:39:13,812 INFO [capacityManagement] start correct usage

2019-10-12 02:39:13,815 INFO [capacityManagement] end correct usage, cost: 0s

2019-10-12 02:39:13,929 WARN clearConfigHistory start

2019-10-12 02:49:13,823 INFO [capacityManagement] start correct usage

2019-10-12 02:49:13,824 INFO [capacityManagement] end correct usage, cost: 0s

2019-10-12 02:49:13,938 WARN clearConfigHistory start

2019-10-12 02:59:13,835 INFO [capacityManagement] start correct usage

2019-10-12 02:59:13,837 INFO [capacityManagement] end correct usage, cost: 0s

2019-10-12 02:59:13,951 WARN clearConfigHistory start

2019-10-12 03:09:13,842 INFO [capacityManagement] start correct usage

2019-10-12 03:09:13,844 INFO [capacityManagement] end correct usage, cost: 0s

2019-10-12 03:09:13,959 WARN clearConfigHistory start

2019-10-12 03:19:13,851 INFO [capacityManagement] start correct usage

2019-10-12 03:19:13,852 INFO [capacityManagement] end correct usage, cost: 0s

2019-10-12 03:19:13,965 WARN clearConfigHistory start

2019-10-12 03:29:13,859 INFO [capacityManagement] start correct usage

2019-10-12 03:29:13,861 INFO [capacityManagement] end correct usage, cost: 0s

2019-10-12 03:29:13,974 WARN clearConfigHistory start

2019-10-12 03:39:13,864 INFO [capacityManagement] start correct usage

2019-10-12 03:39:13,865 INFO [capacityManagement] end correct usage, cost: 0s

2019-10-12 03:39:13,980 WARN clearConfigHistory start

2019-10-12 03:49:13,873 INFO [capacityManagement] start correct usage

2019-10-12 03:49:13,876 INFO [capacityManagement] end correct usage, cost: 0s

2019-10-12 03:49:13,990 WARN clearConfigHistory start

2019-10-12 03:59:13,881 INFO [capacityManagement] start correct usage

2019-10-12 03:59:13,882 INFO [capacityManagement] end correct usage, cost: 0s

2019-10-12 03:59:13,995 WARN clearConfigHistory start

2019-10-12 04:09:13,886 INFO [capacityManagement] start correct usage

2019-10-12 04:09:13,888 INFO [capacityManagement] end correct usage, cost: 0s

2019-10-12 04:09:14,006 WARN clearConfigHistory start

2019-10-12 04:19:13,892 INFO [capacityManagement] start correct usage

2019-10-12 04:19:13,893 INFO [capacityManagement] end correct usage, cost: 0s

2019-10-12 04:19:14,016 WARN clearConfigHistory start

2019-10-12 04:29:13,898 INFO [capacityManagement] start correct usage

2019-10-12 04:29:13,899 INFO [capacityManagement] end correct usage, cost: 0s

2019-10-12 04:29:14,025 WARN clearConfigHistory start

2019-10-12 04:39:13,909 INFO [capacityManagement] start correct usage

2019-10-12 04:39:13,911 INFO [capacityManagement] end correct usage, cost: 0s

2019-10-12 04:39:14,031 WARN clearConfigHistory start

2019-10-12 04:49:13,921 INFO [capacityManagement] start correct usage

2019-10-12 04:49:13,922 INFO [capacityManagement] end correct usage, cost: 0s

2019-10-12 04:49:14,038 WARN clearConfigHistory start

2019-10-12 04:59:13,925 INFO [capacityManagement] start correct usage

2019-10-12 04:59:13,927 INFO [capacityManagement] end correct usage, cost: 0s

2019-10-12 04:59:14,044 WARN clearConfigHistory start

2019-10-12 05:09:13,931 INFO [capacityManagement] start correct usage

2019-10-12 05:09:13,932 INFO [capacityManagement] end correct usage, cost: 0s

2019-10-12 05:09:14,047 WARN clearConfigHistory start

2019-10-12 05:19:13,942 INFO [capacityManagement] start correct usage

2019-10-12 05:19:13,943 INFO [capacityManagement] end correct usage, cost: 0s

2019-10-12 05:19:14,051 WARN clearConfigHistory start

2019-10-12 05:29:13,946 INFO [capacityManagement] start correct usage

2019-10-12 05:29:13,948 INFO [capacityManagement] end correct usage, cost: 0s

2019-10-12 05:29:14,054 WARN clearConfigHistory start

2019-10-12 05:39:13,953 INFO [capacityManagement] start correct usage

2019-10-12 05:39:13,954 INFO [capacityManagement] end correct usage, cost: 0s

2019-10-12 05:39:14,061 WARN clearConfigHistory start

2019-10-12 05:49:13,959 INFO [capacityManagement] start correct usage

2019-10-12 05:49:13,961 INFO [capacityManagement] end correct usage, cost: 0s

2019-10-12 05:49:14,070 WARN clearConfigHistory start

2019-10-12 05:59:13,965 INFO [capacityManagement] start correct usage

2019-10-12 05:59:13,966 INFO [capacityManagement] end correct usage, cost: 0s

2019-10-12 05:59:14,079 WARN clearConfigHistory start

2019-10-12 06:09:13,969 INFO [capacityManagement] start correct usage

2019-10-12 06:09:13,972 INFO [capacityManagement] end correct usage, cost: 0s

2019-10-12 06:09:14,082 WARN clearConfigHistory start

2019-10-12 06:19:13,981 INFO [capacityManagement] start correct usage

2019-10-12 06:19:13,982 INFO [capacityManagement] end correct usage, cost: 0s

2019-10-12 06:19:14,093 WARN clearConfigHistory start

2019-10-12 06:29:13,985 INFO [capacityManagement] start correct usage

2019-10-12 06:29:13,987 INFO [capacityManagement] end correct usage, cost: 0s

2019-10-12 06:29:14,100 WARN clearConfigHistory start

2019-10-12 06:39:13,993 INFO [capacityManagement] start correct usage

2019-10-12 06:39:13,994 INFO [capacityManagement] end correct usage, cost: 0s

2019-10-12 06:39:14,107 WARN clearConfigHistory start

2019-10-12 06:49:14,001 INFO [capacityManagement] start correct usage

2019-10-12 06:49:14,002 INFO [capacityManagement] end correct usage, cost: 0s

2019-10-12 06:49:14,109 WARN clearConfigHistory start

2019-10-12 06:59:14,004 INFO [capacityManagement] start correct usage

2019-10-12 06:59:14,007 INFO [capacityManagement] end correct usage, cost: 0s

2019-10-12 06:59:14,117 WARN clearConfigHistory start

2019-10-12 07:09:14,008 INFO [capacityManagement] start correct usage

2019-10-12 07:09:14,009 INFO [capacityManagement] end correct usage, cost: 0s

2019-10-12 07:09:14,129 WARN clearConfigHistory start

2019-10-12 07:19:14,010 INFO [capacityManagement] start correct usage

2019-10-12 07:19:14,013 INFO [capacityManagement] end correct usage, cost: 0s

2019-10-12 07:19:14,135 WARN clearConfigHistory start

2019-10-12 07:29:14,016 INFO [capacityManagement] start correct usage

2019-10-12 07:29:14,018 INFO [capacityManagement] end correct usage, cost: 0s

2019-10-12 07:29:14,138 WARN clearConfigHistory start

2019-10-12 07:39:14,019 INFO [capacityManagement] start correct usage

2019-10-12 07:39:14,020 INFO [capacityManagement] end correct usage, cost: 0s

2019-10-12 07:39:14,141 WARN clearConfigHistory start

2019-10-12 07:49:14,029 INFO [capacityManagement] start correct usage

2019-10-12 07:49:14,031 INFO [capacityManagement] end correct usage, cost: 0s

2019-10-12 07:49:14,144 WARN clearConfigHistory start

2019-10-12 07:59:14,034 INFO [capacityManagement] start correct usage

2019-10-12 07:59:14,035 INFO [capacityManagement] end correct usage, cost: 0s

2019-10-12 07:59:14,153 WARN clearConfigHistory start

2019-10-12 08:09:14,043 INFO [capacityManagement] start correct usage

2019-10-12 08:09:14,046 INFO [capacityManagement] end correct usage, cost: 0s

2019-10-12 08:09:14,158 WARN clearConfigHistory start

2019-10-12 08:19:14,056 INFO [capacityManagement] start correct usage

2019-10-12 08:19:14,057 INFO [capacityManagement] end correct usage, cost: 0s

2019-10-12 08:19:14,161 WARN clearConfigHistory start

2019-10-12 08:29:14,059 INFO [capacityManagement] start correct usage

2019-10-12 08:29:14,062 INFO [capacityManagement] end correct usage, cost: 0s

2019-10-12 08:29:14,164 WARN clearConfigHistory start

2019-10-12 08:39:14,066 INFO [capacityManagement] start correct usage

2019-10-12 08:39:14,067 INFO [capacityManagement] end correct usage, cost: 0s

2019-10-12 08:39:14,167 WARN clearConfigHistory start

2019-10-12 08:49:14,078 INFO [capacityManagement] start correct usage

2019-10-12 08:49:14,079 INFO [capacityManagement] end correct usage, cost: 0s

2019-10-12 08:49:14,178 WARN clearConfigHistory start

2019-10-12 08:59:14,083 INFO [capacityManagement] start correct usage

2019-10-12 08:59:14,085 INFO [capacityManagement] end correct usage, cost: 0s

2019-10-12 08:59:14,180 WARN clearConfigHistory start

2019-10-12 09:07:52,531 INFO Shutting down ExecutorService 'taskScheduler'

2019-10-12 09:07:52,534 INFO Shutting down ExecutorService 'applicationTaskExecutor'

