2019-10-12 00:04:44,064 INFO PERFORMANCE:|2|0|-1|-1

2019-10-12 00:09:44,064 INFO PERFORMANCE:|2|0|-1|-1

2019-10-12 00:14:44,064 INFO PERFORMANCE:|2|0|-1|-1

2019-10-12 00:19:44,072 INFO PERFORMANCE:|2|0|-1|-1

2019-10-12 00:24:44,073 INFO PERFORMANCE:|2|0|-1|-1

2019-10-12 00:29:44,079 INFO PERFORMANCE:|2|0|-1|-1

2019-10-12 00:34:44,088 INFO PERFORMANCE:|2|0|-1|-1

2019-10-12 00:39:44,089 INFO PERFORMANCE:|2|0|-1|-1

2019-10-12 00:44:44,099 INFO PERFORMANCE:|2|0|-1|-1

2019-10-12 00:49:44,110 INFO PERFORMANCE:|2|0|-1|-1

2019-10-12 00:54:44,112 INFO PERFORMANCE:|2|0|-1|-1

2019-10-12 00:59:44,121 INFO PERFORMANCE:|2|0|-1|-1

2019-10-12 01:04:44,123 INFO PERFORMANCE:|2|0|-1|-1

2019-10-12 01:09:44,126 INFO PERFORMANCE:|2|0|-1|-1

2019-10-12 01:14:44,134 INFO PERFORMANCE:|2|0|-1|-1

2019-10-12 01:19:44,138 INFO PERFORMANCE:|2|0|-1|-1

2019-10-12 01:24:44,146 INFO PERFORMANCE:|2|0|-1|-1

2019-10-12 01:29:44,147 INFO PERFORMANCE:|2|0|-1|-1

2019-10-12 01:34:44,155 INFO PERFORMANCE:|2|0|-1|-1

2019-10-12 01:39:44,157 INFO PERFORMANCE:|2|0|-1|-1

2019-10-12 01:44:44,163 INFO PERFORMANCE:|2|0|-1|-1

2019-10-12 01:49:44,164 INFO PERFORMANCE:|2|0|-1|-1

2019-10-12 01:54:44,166 INFO PERFORMANCE:|2|0|-1|-1

2019-10-12 01:59:44,171 INFO PERFORMANCE:|2|0|-1|-1

2019-10-12 02:04:44,175 INFO PERFORMANCE:|2|0|-1|-1

2019-10-12 02:09:44,179 INFO PERFORMANCE:|2|0|-1|-1

2019-10-12 02:14:44,184 INFO PERFORMANCE:|2|0|-1|-1

2019-10-12 02:19:44,187 INFO PERFORMANCE:|2|0|-1|-1

2019-10-12 02:24:44,195 INFO PERFORMANCE:|2|0|-1|-1

2019-10-12 02:29:44,204 INFO PERFORMANCE:|2|0|-1|-1

2019-10-12 02:34:44,213 INFO PERFORMANCE:|2|0|-1|-1

2019-10-12 02:39:44,218 INFO PERFORMANCE:|2|0|-1|-1

2019-10-12 02:44:44,229 INFO PERFORMANCE:|2|0|-1|-1

2019-10-12 02:49:44,237 INFO PERFORMANCE:|2|0|-1|-1

2019-10-12 02:54:44,239 INFO PERFORMANCE:|2|0|-1|-1

2019-10-12 02:59:44,240 INFO PERFORMANCE:|2|0|-1|-1

2019-10-12 03:04:44,242 INFO PERFORMANCE:|2|0|-1|-1

2019-10-12 03:09:44,243 INFO PERFORMANCE:|2|0|-1|-1

2019-10-12 03:14:44,253 INFO PERFORMANCE:|2|0|-1|-1

2019-10-12 03:19:44,263 INFO PERFORMANCE:|2|0|-1|-1

2019-10-12 03:24:44,264 INFO PERFORMANCE:|2|0|-1|-1

2019-10-12 03:29:44,272 INFO PERFORMANCE:|2|0|-1|-1

2019-10-12 03:34:44,274 INFO PERFORMANCE:|2|0|-1|-1

2019-10-12 03:39:44,275 INFO PERFORMANCE:|2|0|-1|-1

2019-10-12 03:44:44,279 INFO PERFORMANCE:|2|0|-1|-1

2019-10-12 03:49:44,280 INFO PERFORMANCE:|2|0|-1|-1

2019-10-12 03:54:44,285 INFO PERFORMANCE:|2|0|-1|-1

2019-10-12 03:59:44,293 INFO PERFORMANCE:|2|0|-1|-1

2019-10-12 04:04:44,293 INFO PERFORMANCE:|2|0|-1|-1

2019-10-12 04:09:44,298 INFO PERFORMANCE:|2|0|-1|-1

2019-10-12 04:14:44,310 INFO PERFORMANCE:|2|0|-1|-1

2019-10-12 04:19:44,311 INFO PERFORMANCE:|2|0|-1|-1

2019-10-12 04:24:44,312 INFO PERFORMANCE:|2|0|-1|-1

2019-10-12 04:29:44,314 INFO PERFORMANCE:|2|0|-1|-1

2019-10-12 04:34:44,319 INFO PERFORMANCE:|2|0|-1|-1

2019-10-12 04:39:44,322 INFO PERFORMANCE:|2|0|-1|-1

2019-10-12 04:44:44,325 INFO PERFORMANCE:|2|0|-1|-1

2019-10-12 04:49:44,326 INFO PERFORMANCE:|2|0|-1|-1

2019-10-12 04:54:44,330 INFO PERFORMANCE:|2|0|-1|-1

2019-10-12 04:59:44,339 INFO PERFORMANCE:|2|0|-1|-1

2019-10-12 05:04:44,342 INFO PERFORMANCE:|2|0|-1|-1

2019-10-12 05:09:44,354 INFO PERFORMANCE:|2|0|-1|-1

2019-10-12 05:14:44,356 INFO PERFORMANCE:|2|0|-1|-1

2019-10-12 05:19:44,362 INFO PERFORMANCE:|2|0|-1|-1

2019-10-12 05:24:44,364 INFO PERFORMANCE:|2|0|-1|-1

2019-10-12 05:29:44,370 INFO PERFORMANCE:|2|0|-1|-1

2019-10-12 05:34:44,380 INFO PERFORMANCE:|2|0|-1|-1

2019-10-12 05:39:44,385 INFO PERFORMANCE:|2|0|-1|-1

2019-10-12 05:44:44,386 INFO PERFORMANCE:|2|0|-1|-1

2019-10-12 05:49:44,395 INFO PERFORMANCE:|2|0|-1|-1

2019-10-12 05:54:44,397 INFO PERFORMANCE:|2|0|-1|-1

2019-10-12 05:59:44,408 INFO PERFORMANCE:|2|0|-1|-1

2019-10-12 06:04:44,414 INFO PERFORMANCE:|2|0|-1|-1

2019-10-12 06:09:44,419 INFO PERFORMANCE:|2|0|-1|-1

2019-10-12 06:14:44,421 INFO PERFORMANCE:|2|0|-1|-1

2019-10-12 06:19:44,427 INFO PERFORMANCE:|2|0|-1|-1

2019-10-12 06:24:44,432 INFO PERFORMANCE:|2|0|-1|-1

2019-10-12 06:29:44,435 INFO PERFORMANCE:|2|0|-1|-1

2019-10-12 06:34:44,443 INFO PERFORMANCE:|2|0|-1|-1

2019-10-12 06:39:44,450 INFO PERFORMANCE:|2|0|-1|-1

2019-10-12 06:44:44,454 INFO PERFORMANCE:|2|0|-1|-1

2019-10-12 06:49:44,462 INFO PERFORMANCE:|2|0|-1|-1

2019-10-12 06:54:44,463 INFO PERFORMANCE:|2|0|-1|-1

2019-10-12 06:59:44,470 INFO PERFORMANCE:|2|0|-1|-1

2019-10-12 07:04:44,471 INFO PERFORMANCE:|2|0|-1|-1

2019-10-12 07:09:44,472 INFO PERFORMANCE:|2|0|-1|-1

2019-10-12 07:14:44,479 INFO PERFORMANCE:|2|0|-1|-1

2019-10-12 07:19:44,485 INFO PERFORMANCE:|2|0|-1|-1

2019-10-12 07:24:44,488 INFO PERFORMANCE:|2|0|-1|-1

2019-10-12 07:29:44,497 INFO PERFORMANCE:|2|0|-1|-1

2019-10-12 07:34:44,501 INFO PERFORMANCE:|2|0|-1|-1

2019-10-12 07:39:44,507 INFO PERFORMANCE:|2|0|-1|-1

2019-10-12 07:44:44,518 INFO PERFORMANCE:|2|0|-1|-1

2019-10-12 07:49:44,523 INFO PERFORMANCE:|2|0|-1|-1

2019-10-12 07:54:44,528 INFO PERFORMANCE:|2|0|-1|-1

2019-10-12 07:59:44,529 INFO PERFORMANCE:|2|0|-1|-1

2019-10-12 08:04:44,535 INFO PERFORMANCE:|2|0|-1|-1

2019-10-12 08:09:44,541 INFO PERFORMANCE:|2|0|-1|-1

2019-10-12 08:14:44,547 INFO PERFORMANCE:|2|0|-1|-1

2019-10-12 08:19:44,552 INFO PERFORMANCE:|2|0|-1|-1

2019-10-12 08:24:44,554 INFO PERFORMANCE:|2|0|-1|-1

2019-10-12 08:29:44,559 INFO PERFORMANCE:|2|0|-1|-1

2019-10-12 08:34:44,566 INFO PERFORMANCE:|2|0|-1|-1

2019-10-12 08:39:44,572 INFO PERFORMANCE:|2|0|-1|-1

2019-10-12 08:44:44,573 INFO PERFORMANCE:|2|0|-1|-1

2019-10-12 08:49:44,580 INFO PERFORMANCE:|2|0|-1|-1

2019-10-12 08:54:44,583 INFO PERFORMANCE:|2|0|-1|-1

2019-10-12 08:59:44,587 INFO PERFORMANCE:|2|0|-1|-1

2019-10-12 09:04:44,595 INFO PERFORMANCE:|2|0|-1|-1

