2019-10-12 13:40:20,225 INFO notifyConnectTimeout:200

2019-10-12 13:40:20,225 INFO notifySocketTimeout:8000

2019-10-12 13:40:20,225 INFO isHealthCheck:true

2019-10-12 13:40:20,225 INFO maxHealthCheckFailCount:12

2019-10-12 13:40:20,226 INFO maxContent:10485760

2019-10-12 13:40:20,930 INFO Schema 'NACOS' already exists.

2019-10-12 13:40:20,994 INFO Table/View 'CONFIG_INFO' already exists in Schema 'NACOS'.

2019-10-12 13:40:21,049 INFO Table/View 'HIS_CONFIG_INFO' already exists in Schema 'NACOS'.

2019-10-12 13:40:21,071 INFO Table/View 'CONFIG_INFO_BETA' already exists in Schema 'NACOS'.

2019-10-12 13:40:21,079 INFO Table/View 'CONFIG_INFO_TAG' already exists in Schema 'NACOS'.

2019-10-12 13:40:21,087 INFO Table/View 'CONFIG_INFO_AGGR' already exists in Schema 'NACOS'.

2019-10-12 13:40:21,097 INFO Table/View 'APP_LIST' already exists in Schema 'NACOS'.

2019-10-12 13:40:21,105 INFO Table/View 'APP_CONFIGDATA_RELATION_SUBS' already exists in Schema 'NACOS'.

2019-10-12 13:40:21,111 INFO Table/View 'APP_CONFIGDATA_RELATION_PUBS' already exists in Schema 'NACOS'.

2019-10-12 13:40:21,119 INFO Table/View 'CONFIG_TAGS_RELATION' already exists in Schema 'NACOS'.

2019-10-12 13:40:21,133 INFO Table/View 'GROUP_CAPACITY' already exists in Schema 'NACOS'.

2019-10-12 13:40:21,140 INFO Table/View 'TENANT_CAPACITY' already exists in Schema 'NACOS'.

2019-10-12 13:40:21,148 INFO Table/View 'TENANT_INFO' already exists in Schema 'NACOS'.

2019-10-12 13:40:21,161 INFO Table/View 'USERS' already exists in Schema 'NACOS'.

2019-10-12 13:40:21,172 INFO Table/View 'ROLES' already exists in Schema 'NACOS'.

2019-10-12 13:40:21,277 INFO The statement was aborted because it would have caused a duplicate key value in a unique or primary key constraint or unique index identified by 'SQL190928115205270' defined on 'USERS'.

2019-10-12 13:40:21,711 INFO ServerListService address-server port:8848

2019-10-12 13:40:21,711 INFO ADDRESS_SERVER_URL:http://jmenv.tbsite.net:8080/nacos/serverlist

2019-10-12 13:40:21,713 WARN [serverlist] updated to [192.168.1.104]

2019-10-12 13:40:21,844 WARN DumpService start

2019-10-12 13:40:21,847 INFO start clear all config-info.

2019-10-12 13:40:21,853 WARN clear all config-info failed.

2019-10-12 13:40:21,853 WARN clear all config-info-tenant failed.

2019-10-12 13:40:21,956 INFO start clear all config-info-beta.

2019-10-12 13:40:21,957 WARN clear all config-info-beta failed.

2019-10-12 13:40:21,957 WARN clear all config-info-beta-tenant failed.

2019-10-12 13:40:21,976 INFO start clear all config-info-tag.

2019-10-12 13:40:21,976 WARN clear all config-info-tag failed.

2019-10-12 13:40:21,976 WARN clear all config-info-tag-tenant failed.

