2019-10-12 13:40:16,489 INFO Starting Nacos v1.1.3 on bogon with PID 1394 (/Users/lixu/Desktop/github/nacos/target/nacos-server.jar started by lixu in /Users/lixu/Desktop/github/nacos/bin)

2019-10-12 13:40:16,492 INFO The following profiles are active: standalone

2019-10-12 13:40:18,574 INFO Bean 'org.springframework.security.config.annotation.configuration.ObjectPostProcessorConfiguration' of type [org.springframework.security.config.annotation.configuration.ObjectPostProcessorConfiguration$$EnhancerBySpringCGLIB$$4d553f22] is not eligible for getting processed by all BeanPostProcessors (for example: not eligible for auto-proxying)

2019-10-12 13:40:18,685 INFO Bean 'objectPostProcessor' of type [org.springframework.security.config.annotation.configuration.AutowireBeanFactoryObjectPostProcessor] is not eligible for getting processed by all BeanPostProcessors (for example: not eligible for auto-proxying)

2019-10-12 13:40:18,687 INFO Bean 'org.springframework.security.access.expression.method.DefaultMethodSecurityExpressionHandler@4409e975' of type [org.springframework.security.access.expression.method.DefaultMethodSecurityExpressionHandler] is not eligible for getting processed by all BeanPostProcessors (for example: not eligible for auto-proxying)

2019-10-12 13:40:18,691 INFO Bean 'org.springframework.security.config.annotation.method.configuration.GlobalMethodSecurityConfiguration' of type [org.springframework.security.config.annotation.method.configuration.GlobalMethodSecurityConfiguration$$EnhancerBySpringCGLIB$$7229e1d4] is not eligible for getting processed by all BeanPostProcessors (for example: not eligible for auto-proxying)

2019-10-12 13:40:18,697 INFO Bean 'methodSecurityMetadataSource' of type [org.springframework.security.access.method.DelegatingMethodSecurityMetadataSource] is not eligible for getting processed by all BeanPostProcessors (for example: not eligible for auto-proxying)

2019-10-12 13:40:19,232 INFO Tomcat initialized with port(s): 8848 (http)

2019-10-12 13:40:19,270 INFO Starting service [Tomcat]

2019-10-12 13:40:19,270 INFO Starting Servlet Engine: Apache Tomcat/9.0.13

2019-10-12 13:40:19,287 INFO The APR based Apache Tomcat Native library which allows optimal performance in production environments was not found on the java.library.path: [/Users/lixu/Library/Java/Extensions:/Library/Java/Extensions:/Network/Library/Java/Extensions:/System/Library/Java/Extensions:/usr/lib/java:.]

2019-10-12 13:40:19,425 INFO Initializing Spring embedded WebApplicationContext

2019-10-12 13:40:19,426 INFO Root WebApplicationContext: initialization completed in 2859 ms

2019-10-12 13:40:22,018 INFO Use Mysql as the driver

2019-10-12 13:40:22,399 INFO Initializing ExecutorService 'applicationTaskExecutor'

2019-10-12 13:40:22,597 INFO Adding welcome page: class path resource [static/index.html]

2019-10-12 13:40:22,958 INFO Creating filter chain: Ant [pattern='/'], []

2019-10-12 13:40:22,958 INFO Creating filter chain: Ant [pattern='/**/*.css'], []

2019-10-12 13:40:22,959 INFO Creating filter chain: Ant [pattern='/**/*.js'], []

2019-10-12 13:40:22,959 INFO Creating filter chain: Ant [pattern='/**/*.html'], []

2019-10-12 13:40:22,959 INFO Creating filter chain: Ant [pattern='/**/*.map'], []

2019-10-12 13:40:22,959 INFO Creating filter chain: Ant [pattern='/**/*.svg'], []

2019-10-12 13:40:22,959 INFO Creating filter chain: Ant [pattern='/**/*.png'], []

2019-10-12 13:40:22,959 INFO Creating filter chain: Ant [pattern='/**/*.ico'], []

2019-10-12 13:40:22,959 INFO Creating filter chain: Ant [pattern='/console-fe/public/**'], []

2019-10-12 13:40:22,959 INFO Creating filter chain: Ant [pattern='/v1/auth/login'], []

2019-10-12 13:40:22,959 INFO Creating filter chain: Ant [pattern='/v1/console/health/**'], []

2019-10-12 13:40:22,959 INFO Creating filter chain: Ant [pattern='/v1/cs/**'], []

2019-10-12 13:40:22,959 INFO Creating filter chain: Ant [pattern='/v1/ns/**'], []

2019-10-12 13:40:22,959 INFO Creating filter chain: Ant [pattern='/v1/cmdb/**'], []

2019-10-12 13:40:22,959 INFO Creating filter chain: Ant [pattern='/actuator/**'], []

2019-10-12 13:40:22,959 INFO Creating filter chain: Ant [pattern='/v1/console/server/**'], []

2019-10-12 13:40:23,000 INFO Creating filter chain: any request, [org.springframework.security.web.context.request.async.WebAsyncManagerIntegrationFilter@79e66b2f, org.springframework.security.web.context.SecurityContextPersistenceFilter@3f1ed068, org.springframework.security.web.header.HeaderWriterFilter@623ebac7, org.springframework.security.web.authentication.logout.LogoutFilter@4fa9ab6, com.alibaba.nacos.console.filter.JwtAuthenticationTokenFilter@17273273, org.springframework.security.web.savedrequest.RequestCacheAwareFilter@2e645fbd, org.springframework.security.web.servletapi.SecurityContextHolderAwareRequestFilter@31c628e7, org.springframework.security.web.authentication.AnonymousAuthenticationFilter@5f69e2b, org.springframework.security.web.session.SessionManagementFilter@53311681, org.springframework.security.web.access.ExceptionTranslationFilter@1f9f381d, org.springframework.security.web.access.intercept.FilterSecurityInterceptor@648d0e6d]

2019-10-12 13:40:23,082 INFO Exposing 2 endpoint(s) beneath base path '/actuator'

2019-10-12 13:40:23,125 INFO Initializing ExecutorService 'taskScheduler'

2019-10-12 13:40:23,224 INFO Tomcat started on port(s): 8848 (http) with context path '/nacos'

2019-10-12 13:40:23,229 INFO Started Nacos in 7.871 seconds (JVM running for 8.654)

2019-10-12 13:40:23,229 INFO Nacos Log files: /Users/lixu/Desktop/github/nacos/logs/

2019-10-12 13:40:23,229 INFO Nacos Conf files: /Users/lixu/Desktop/github/nacos/conf/

2019-10-12 13:40:23,229 INFO Nacos Data files: /Users/lixu/Desktop/github/nacos/data/

2019-10-12 13:40:23,229 INFO Nacos started successfully in stand alone mode.

2019-10-12 13:40:26,861 INFO Initializing Spring DispatcherServlet 'dispatcherServlet'

2019-10-12 13:40:26,862 INFO Initializing Servlet 'dispatcherServlet'

2019-10-12 13:40:26,875 INFO Completed initialization in 12 ms

2019-10-12 13:52:32,022 INFO [capacityManagement] start correct usage

2019-10-12 13:52:32,067 INFO [capacityManagement] end correct usage, cost: 0s

2019-10-12 13:52:32,268 WARN clearConfigHistory start

2019-10-12 14:02:32,071 INFO [capacityManagement] start correct usage

2019-10-12 14:02:32,072 INFO [capacityManagement] end correct usage, cost: 0s

2019-10-12 14:02:32,296 WARN clearConfigHistory start

